IQ-TREE multicore version 1.7-beta6 for Linux 64-bit built Nov 19 2018
Developed by Bui Quang Minh, Nguyen Lam Tung, Olga Chernomor,
Heiko Schmidt, Dominik Schrempf, Michael Woodhams.

Host:    ip-172-30-3-212 (AVX2, FMA3, 7 GB RAM)
Command: iqtree -s turtle.fa -S turtle.nex -pre turtle.loci -nt 2
Seed:    329765 (Using SPRNG - Scalable Parallel Random Number Generator)
Time:    Thu Jan 24 21:27:54 2019
Kernel:  AVX+FMA - 2 threads (2 CPU cores detected)

Reading partition model file turtle.nex ...
Reading alignment file turtle.fa ... Fasta format detected
Alignment most likely contains DNA/RNA sequences
Alignment has 16 sequences with 20820 columns, 8574 distinct patterns
6084 parsimony-informative, 3551 singleton sites, 11185 constant sites
                   Gap/Ambiguity  Composition  p-value
   1  protopterus         67.26%    failed      0.00%
   2  Anolis               1.61%    passed     48.30%
   3  Gallus               0.01%    passed     11.30%
   4  Homo                 0.29%    passed     68.82%
   5  Monodelphis          0.46%    failed      0.21%
   6  Ornithorhynchus      3.73%    failed      0.00%
   7  Taeniopygia          2.10%    failed      0.00%
   8  Xenopus              1.50%    passed     27.31%
   9  alligator           80.50%    passed     19.63%
  10  emys_orbicularis    56.95%    passed     71.94%
  11  phrynops            36.77%    passed     17.20%
  12  caiman              41.06%    passed      5.16%
  13  caretta             36.33%    passed      6.75%
  14  python              65.18%    failed      0.00%
  15  chelonoidis_nigra   68.53%    failed      0.77%
  16  podarcis            76.21%    failed      0.14%
WARNING: 6 sequences contain more than 50% gaps/ambiguity
****  TOTAL               33.66%  7 sequences failed composition chi2 test (p-value<5%; df=3)
NOTE: No CharPartition defined, use all CharSets

Loading 29 partitions...
Subset	Type	Seqs	Sites	Infor	Invar	Model	Name
1		11	846	282	382		ENSGALG00000000223.macse_DNA_gb
2		10	522	193	227		ENSGALG00000001529.macse_DNA_gb
3		10	672	194	351		ENSGALG00000002002.macse_DNA_gb
4		14	732	222	422		ENSGALG00000002514.macse_DNA_gb
5		15	966	313	556		ENSGALG00000003337.macse_DNA_gb
6		14	885	257	525		ENSGALG00000003700.macse_DNA_gb
7		10	1545	359	833		ENSGALG00000003702.macse_DNA_gb
8		12	480	176	225		ENSGALG00000003907.macse_DNA_gb
9		12	576	176	318		ENSGALG00000005820.macse_DNA_gb
10		15	696	129	483		ENSGALG00000005834.macse_DNA_gb
11		13	570	124	334		ENSGALG00000005902.macse_DNA_gb
12		12	792	283	334		ENSGALG00000008338.macse_DNA_gb
13		11	540	129	329		ENSGALG00000008517.macse_DNA_gb
14		12	546	231	262		ENSGALG00000008916.macse_DNA_gb
15		11	930	243	547		ENSGALG00000009085.macse_DNA_gb
16		13	597	239	261		ENSGALG00000009879.macse_DNA_gb
17		9	900	290	406		ENSGALG00000011323.macse_DNA_gb
18		10	447	201	211		ENSGALG00000011434.macse_DNA_gb
19		12	981	172	659		ENSGALG00000011917.macse_DNA_gb
20		10	468	169	191		ENSGALG00000011966.macse_DNA_gb
21		13	753	233	387		ENSGALG00000012244.macse_DNA_gb
22		13	519	149	292		ENSGALG00000012379.macse_DNA_gb
23		9	630	158	382		ENSGALG00000012568.macse_DNA_gb
24		10	1302	279	815		ENSGALG00000013227.macse_DNA_gb
25		11	561	176	297		ENSGALG00000014038.macse_DNA_gb
26		9	498	96	314		ENSGALG00000014648.macse_DNA_gb
27		10	597	187	238		ENSGALG00000015326.macse_DNA_gb
28		12	594	175	281		ENSGALG00000015397.macse_DNA_gb
29		13	675	249	323		ENSGALG00000016241.macse_DNA_gb
Linked 16 total sequences

Creating fast initial parsimony tree by random order stepwise addition...
0.031 seconds, parsimony score: 20908 (based on 9635 sites)
NOTE: ModelFinder requires 34 MB RAM!
Selecting individual models for 29 charsets using BIC...
 No. Model        Score       Charset
   1 TN+F+G4      15263.499   ENSGALG00000003702.macse_DNA_gb
   2 TIM3e+G4     10363.567   ENSGALG00000008338.macse_DNA_gb
   3 TIM2e+I+G4   12611.475   ENSGALG00000003337.macse_DNA_gb
   4 TIM2+F+G4    9605.820    ENSGALG00000003700.macse_DNA_gb
   5 TNe+R3       10215.961   ENSGALG00000000223.macse_DNA_gb
   6 TPM2u+F+I+G4 8924.908    ENSGALG00000016241.macse_DNA_gb
   7 TVM+F+I+G4   8785.554    ENSGALG00000002514.macse_DNA_gb
   8 TN+F+G4      8492.495    ENSGALG00000009879.macse_DNA_gb
   9 TPM2+F+G4    11312.787   ENSGALG00000013227.macse_DNA_gb
  10 SYM+G4       8863.102    ENSGALG00000012244.macse_DNA_gb	0h:0m:11s (0h:0m:22s left)
  11 TPM3u+F+R2   10592.162   ENSGALG00000011323.macse_DNA_gb	0h:0m:12s (0h:0m:21s left)
  12 TIM2+F+R3    9227.013    ENSGALG00000009085.macse_DNA_gb	0h:0m:14s (0h:0m:20s left)
  13 TIM2+F+G4    6252.581    ENSGALG00000005834.macse_DNA_gb	0h:0m:14s (0h:0m:17s left)
  14 TIM2+F+G4    7304.354    ENSGALG00000015397.macse_DNA_gb	0h:0m:15s (0h:0m:16s left)
  15 TIM2e+G4     8218.319    ENSGALG00000011917.macse_DNA_gb	0h:0m:15s (0h:0m:14s left)
  16 K2P+G4       5989.360    ENSGALG00000003907.macse_DNA_gb	0h:0m:16s (0h:0m:13s left)
  17 TNe+I        6350.253    ENSGALG00000005820.macse_DNA_gb	0h:0m:16s (0h:0m:11s left)
  18 TN+F+G4      5864.200    ENSGALG00000012379.macse_DNA_gb	0h:0m:17s (0h:0m:10s left)
  19 TIM2+F+I+G4  6896.647    ENSGALG00000008916.macse_DNA_gb	0h:0m:18s (0h:0m:9s left)
  20 TIM+F+G4     7436.927    ENSGALG00000015326.macse_DNA_gb	0h:0m:18s (0h:0m:8s left)
  21 K2P+I+G4     7032.924    ENSGALG00000001529.macse_DNA_gb	0h:0m:19s (0h:0m:7s left)
  22 TN+F+G4      6706.299    ENSGALG00000014038.macse_DNA_gb	0h:0m:19s (0h:0m:6s left)
  23 TN+F+G4      7318.222    ENSGALG00000002002.macse_DNA_gb	0h:0m:20s (0h:0m:5s left)
  24 TNe+G4       5727.141    ENSGALG00000005902.macse_DNA_gb	0h:0m:20s (0h:0m:4s left)
  25 TIM3e+I+G4   5879.208    ENSGALG00000011434.macse_DNA_gb	0h:0m:21s (0h:0m:3s left)
  26 K2P+G4       6016.786    ENSGALG00000011966.macse_DNA_gb	0h:0m:21s (0h:0m:2s left)
  27 TIM3e+G4     5894.271    ENSGALG00000012568.macse_DNA_gb	0h:0m:22s (0h:0m:1s left)
  28 TPM2+F+G4    5522.343    ENSGALG00000008517.macse_DNA_gb	0h:0m:22s (0h:0m:0s left)
  29 TN+F+G4      4281.084    ENSGALG00000014648.macse_DNA_gb	0h:0m:22s (0h:0m:0s left)
Full partition model BIC score: 235500.750 (LnL: -114026.471  df:749)
Partition information was printed to turtle.loci.best_scheme.nex
Partition information in Raxml format was printed to turtle.loci.best_scheme

All model information printed to turtle.loci.model.gz
CPU time for ModelFinder: 41.280 seconds (0h:0m:41s)
Wall-clock time for ModelFinder: 23.005 seconds (0h:0m:23s)

NOTE: 12 MB RAM (0 GB) is required!
Estimate model parameters (epsilon = 0.100)
Partition ENSGALG00000003702.macse_DNA_gb / Model: TN+F+G4 / df: 23 / LogL: -7547.305
Partition ENSGALG00000008338.macse_DNA_gb / Model: TIM3e+G4 / df: 25 / LogL: -5098.352
Partition ENSGALG00000003700.macse_DNA_gb / Model: TIM2+F+G4 / df: 32 / LogL: -4694.341
Partition ENSGALG00000000223.macse_DNA_gb / Model: TNe+R3 / df: 25 / LogL: -5027.408
Partition ENSGALG00000002514.macse_DNA_gb / Model: TVM+F+I+G4 / df: 34 / LogL: -4280.488
Partition ENSGALG00000003337.macse_DNA_gb / Model: TIM2e+I+G4 / df: 32 / LogL: -6195.770
Partition ENSGALG00000009879.macse_DNA_gb / Model: TN+F+G4 / df: 29 / LogL: -4153.565
Partition ENSGALG00000012244.macse_DNA_gb / Model: SYM+G4 / df: 29 / LogL: -4335.518
Partition ENSGALG00000013227.macse_DNA_gb / Model: TPM2+F+G4 / df: 23 / LogL: -5573.926
Partition ENSGALG00000009085.macse_DNA_gb / Model: TIM2+F+R3 / df: 29 / LogL: -4513.861
Partition ENSGALG00000011323.macse_DNA_gb / Model: TPM3u+F+R2 / df: 22 / LogL: -5221.263
Partition ENSGALG00000005834.macse_DNA_gb / Model: TIM2+F+G4 / df: 34 / LogL: -3015.019
Partition ENSGALG00000015397.macse_DNA_gb / Model: TIM2+F+G4 / df: 28 / LogL: -3562.755
Partition ENSGALG00000011917.macse_DNA_gb / Model: TIM2e+G4 / df: 25 / LogL: -4023.049
Partition ENSGALG00000003907.macse_DNA_gb / Model: K2P+G4 / df: 23 / LogL: -2923.675
Partition ENSGALG00000005820.macse_DNA_gb / Model: TNe+I / df: 24 / LogL: -3098.853
Partition ENSGALG00000016241.macse_DNA_gb / Model: TPM2u+F+I+G4 / df: 30 / LogL: -4364.733
Partition ENSGALG00000012379.macse_DNA_gb / Model: TN+F+G4 / df: 29 / LogL: -2841.446
Partition ENSGALG00000015326.macse_DNA_gb / Model: TIM+F+G4 / df: 24 / LogL: -3641.753
Partition ENSGALG00000001529.macse_DNA_gb / Model: K2P+I+G4 / df: 20 / LogL: -3453.887
Partition ENSGALG00000014038.macse_DNA_gb / Model: TN+F+G4 / df: 25 / LogL: -3274.026
Partition ENSGALG00000002002.macse_DNA_gb / Model: TN+F+G4 / df: 23 / LogL: -3584.240
Partition ENSGALG00000005902.macse_DNA_gb / Model: TNe+G4 / df: 26 / LogL: -2781.072
Partition ENSGALG00000008916.macse_DNA_gb / Model: TIM2+F+I+G4 / df: 29 / LogL: -3356.933
Partition ENSGALG00000011966.macse_DNA_gb / Model: K2P+G4 / df: 19 / LogL: -2949.975
Partition ENSGALG00000008517.macse_DNA_gb / Model: TPM2+F+G4 / df: 25 / LogL: -2682.525
Partition ENSGALG00000012568.macse_DNA_gb / Model: TIM3e+G4 / df: 19 / LogL: -2885.900
Partition ENSGALG00000014648.macse_DNA_gb / Model: TN+F+G4 / df: 21 / LogL: -2075.329
Partition ENSGALG00000011434.macse_DNA_gb / Model: TIM3e+I+G4 / df: 22 / LogL: -2872.469
Optimal log-likelihood: -114029.435
--------------------------------------------------------------------
|                SEPARATE TREE SEARCH FOR PARTITIONS               |
--------------------------------------------------------------------
Partition ENSGALG00000003702.macse_DNA_gb / Iterations: 104 / LogL: -7547.21 / Time: 0h:0m:7s
Partition ENSGALG00000003337.macse_DNA_gb / Iterations: 102 / LogL: -6164.81 / Time: 0h:0m:7s
Partition ENSGALG00000008338.macse_DNA_gb / Iterations: 102 / LogL: -5098.35 / Time: 0h:0m:9s
Partition ENSGALG00000003700.macse_DNA_gb / Iterations: 110 / LogL: -4694.16 / Time: 0h:0m:10s
Partition ENSGALG00000000223.macse_DNA_gb / Iterations: 102 / LogL: -5017.24 / Time: 0h:0m:11s
Partition ENSGALG00000002514.macse_DNA_gb / Iterations: 102 / LogL: -4262.38 / Time: 0h:0m:12s
Partition ENSGALG00000016241.macse_DNA_gb / Iterations: 102 / LogL: -4364.52 / Time: 0h:0m:12s
Partition ENSGALG00000009879.macse_DNA_gb / Iterations: 102 / LogL: -4150.58 / Time: 0h:0m:14s
Partition ENSGALG00000012244.macse_DNA_gb / Iterations: 102 / LogL: -4328.56 / Time: 0h:0m:14s
Partition ENSGALG00000013227.macse_DNA_gb / Iterations: 102 / LogL: -5557.07 / Time: 0h:0m:15s
Partition ENSGALG00000009085.macse_DNA_gb / Iterations: 102 / LogL: -4504.92 / Time: 0h:0m:16s
Partition ENSGALG00000011323.macse_DNA_gb / Iterations: 102 / LogL: -5220.37 / Time: 0h:0m:16s
Partition ENSGALG00000015397.macse_DNA_gb / Iterations: 102 / LogL: -3560.66 / Time: 0h:0m:17s
Partition ENSGALG00000005834.macse_DNA_gb / Iterations: 103 / LogL: -3011.51 / Time: 0h:0m:18s
Partition ENSGALG00000011917.macse_DNA_gb / Iterations: 102 / LogL: -4021 / Time: 0h:0m:18s
Partition ENSGALG00000005820.macse_DNA_gb / Iterations: 142 / LogL: -3096.49 / Time: 0h:0m:19s
Partition ENSGALG00000003907.macse_DNA_gb / Iterations: 112 / LogL: -2918.06 / Time: 0h:0m:19s
Partition ENSGALG00000008916.macse_DNA_gb / Iterations: 102 / LogL: -3349.93 / Time: 0h:0m:20s
Partition ENSGALG00000012379.macse_DNA_gb / Iterations: 102 / LogL: -2838.19 / Time: 0h:0m:21s
Partition ENSGALG00000015326.macse_DNA_gb / Iterations: 102 / LogL: -3640.95 / Time: 0h:0m:21s
Partition ENSGALG00000001529.macse_DNA_gb / Iterations: 102 / LogL: -3390.73 / Time: 0h:0m:21s
Partition ENSGALG00000014038.macse_DNA_gb / Iterations: 102 / LogL: -3272.14 / Time: 0h:0m:22s
Partition ENSGALG00000002002.macse_DNA_gb / Iterations: 102 / LogL: -3576.6 / Time: 0h:0m:22s
Partition ENSGALG00000011434.macse_DNA_gb / Iterations: 102 / LogL: -2869.67 / Time: 0h:0m:23s
Partition ENSGALG00000005902.macse_DNA_gb / Iterations: 104 / LogL: -2779.58 / Time: 0h:0m:23s
Partition ENSGALG00000011966.macse_DNA_gb / Iterations: 102 / LogL: -2946.13 / Time: 0h:0m:24s
Partition ENSGALG00000008517.macse_DNA_gb / Iterations: 102 / LogL: -2679.87 / Time: 0h:0m:24s
Partition ENSGALG00000012568.macse_DNA_gb / Iterations: 102 / LogL: -2885.9 / Time: 0h:0m:25s
Partition ENSGALG00000014648.macse_DNA_gb / Iterations: 102 / LogL: -2074.89 / Time: 0h:0m:25s
--------------------------------------------------------------------
|                    FINALIZING TREE SEARCH                        |
--------------------------------------------------------------------
Performs final model parameters optimization
Estimate model parameters (epsilon = 0.010)
Partition ENSGALG00000003702.macse_DNA_gb / Model: TN+F+G4 / df: 23 / LogL: -7547.205
Partition ENSGALG00000008338.macse_DNA_gb / Model: TIM3e+G4 / df: 25 / LogL: -5098.350
Partition ENSGALG00000003700.macse_DNA_gb / Model: TIM2+F+G4 / df: 32 / LogL: -4694.161
Partition ENSGALG00000003337.macse_DNA_gb / Model: TIM2e+I+G4 / df: 32 / LogL: -6164.758
Partition ENSGALG00000002514.macse_DNA_gb / Model: TVM+F+I+G4 / df: 34 / LogL: -4262.352
Partition ENSGALG00000016241.macse_DNA_gb / Model: TPM2u+F+I+G4 / df: 30 / LogL: -4364.515
Partition ENSGALG00000009879.macse_DNA_gb / Model: TN+F+G4 / df: 29 / LogL: -4150.576
Partition ENSGALG00000012244.macse_DNA_gb / Model: SYM+G4 / df: 29 / LogL: -4328.562
Partition ENSGALG00000013227.macse_DNA_gb / Model: TPM2+F+G4 / df: 23 / LogL: -5557.071
Partition ENSGALG00000000223.macse_DNA_gb / Model: TNe+R3 / df: 25 / LogL: -5016.624
Partition ENSGALG00000011323.macse_DNA_gb / Model: TPM3u+F+R2 / df: 22 / LogL: -5220.318
Partition ENSGALG00000005834.macse_DNA_gb / Model: TIM2+F+G4 / df: 34 / LogL: -3011.508
Partition ENSGALG00000015397.macse_DNA_gb / Model: TIM2+F+G4 / df: 28 / LogL: -3560.661
Partition ENSGALG00000011917.macse_DNA_gb / Model: TIM2e+G4 / df: 25 / LogL: -4021.001
Partition ENSGALG00000003907.macse_DNA_gb / Model: K2P+G4 / df: 23 / LogL: -2918.062
Partition ENSGALG00000005820.macse_DNA_gb / Model: TNe+I / df: 24 / LogL: -3096.487
Partition ENSGALG00000008916.macse_DNA_gb / Model: TIM2+F+I+G4 / df: 29 / LogL: -3349.924
Partition ENSGALG00000012379.macse_DNA_gb / Model: TN+F+G4 / df: 29 / LogL: -2838.192
Partition ENSGALG00000015326.macse_DNA_gb / Model: TIM+F+G4 / df: 24 / LogL: -3640.955
Partition ENSGALG00000001529.macse_DNA_gb / Model: K2P+I+G4 / df: 20 / LogL: -3390.542
Partition ENSGALG00000014038.macse_DNA_gb / Model: TN+F+G4 / df: 25 / LogL: -3272.138
Partition ENSGALG00000002002.macse_DNA_gb / Model: TN+F+G4 / df: 23 / LogL: -3576.603
Partition ENSGALG00000005902.macse_DNA_gb / Model: TNe+G4 / df: 26 / LogL: -2779.576
Partition ENSGALG00000011434.macse_DNA_gb / Model: TIM3e+I+G4 / df: 22 / LogL: -2869.672
Partition ENSGALG00000011966.macse_DNA_gb / Model: K2P+G4 / df: 19 / LogL: -2946.132
Partition ENSGALG00000008517.macse_DNA_gb / Model: TPM2+F+G4 / df: 25 / LogL: -2679.874
Partition ENSGALG00000012568.macse_DNA_gb / Model: TIM3e+G4 / df: 19 / LogL: -2885.900
Partition ENSGALG00000014648.macse_DNA_gb / Model: TN+F+G4 / df: 21 / LogL: -2074.889
Partition ENSGALG00000009085.macse_DNA_gb / Model: TIM2+F+R3 / df: 29 / LogL: -4504.488
Optimal log-likelihood: -113821.096
Partition information was printed to turtle.loci.best_model.nex
BEST SCORE FOUND : -113821.096
Total tree length: 50.305

Total number of iterations: 0
CPU time used for tree search: 35.828 sec (0h:0m:35s)
Wall-clock time used for tree search: 19.979 sec (0h:0m:19s)
Total CPU time used: 45.362 sec (0h:0m:45s)
Total wall-clock time used: 26.263 sec (0h:0m:26s)

Analysis results written to: 
  IQ-TREE report:                turtle.loci.iqtree
  Maximum-likelihood tree:       turtle.loci.treefile
  Screen log file:               turtle.loci.log

Date and Time: Thu Jan 24 21:28:43 2019
